Sun Apr 10 20:01:24 HSP 2022: 
 hashmap.c | 2 ++
 1 file changed, 2 insertions(+)
In file included from test.c:4:
hashmap.c: In function 'createMap':
hashmap.c:56:37: error: expected expression before 'char'
   56 |     map->buckets=(Pair*) createPair(char *key=NULL, void *value)
      |                                     ^~~~
hashmap.c:56:26: error: too few arguments to function 'createPair'
   56 |     map->buckets=(Pair*) createPair(char *key=NULL, void *value)
      |                          ^~~~~~~~~~
hashmap.c:19:8: note: declared here
   19 | Pair * createPair( char * key,  void * value) {
      |        ^~~~~~~~~~
hashmap.c:56:65: error: expected ';' before 'return'
   56 |     map->buckets=(Pair*) createPair(char *key=NULL, void *value)
      |                                                                 ^
      |                                                                 ;
   57 | 
   58 |     return NULL;
      |     ~~~~~~                                                       
test.c: At top level:
test.c:8:8: error: '_strdup' redeclared without dllimport attribute: previous dllimport ignored [-Werror=attributes]
    8 | char * _strdup(const char * str) {
      |        ^~~~~~~
test.c: In function 'enlarge_test':
test.c:438:47: error: passing argument 1 to restrict-qualified parameter aliases with argument 3 [-Werror=restrict]
  438 |             if(map->buckets[i]==NULL) sprintf(msg,"%.100s(null)  ",msg);
      |                                               ^~~                  ~~~
test.c:439:26: error: passing argument 1 to restrict-qualified parameter aliases with argument 3 [-Werror=restrict]
  439 |             else sprintf(msg,"%.100s%s  ", msg, (char*)map->buckets[i]->value);
      |                          ^~~               ~~~
test.c:442:17: error: passing argument 1 to restrict-qualified parameter aliases with argument 3 [-Werror=restrict]
  442 |         sprintf(msg,"%.100s\nbut should be: \nvalue3  (null)  (null)  (null)  value4  (null)  value2  value1  value0  (null)  (null)  (null)  value5  (null)  (null)  (null)  (null)  (null)  (null)  (null)",msg);
      |                 ^~~                                                                                                                                                                                           ~~~
In file included from test.c:4:
hashmap.c: In function 'createMap':
hashmap.c:59:1: error: control reaches end of non-void function [-Werror=return-type]
   59 | }
      | ^
cc1.exe: all warnings being treated as errors
Compilation failed
5c1f461
